mode: count
github.com/Ippolid/chat-server/internal/api/chatserver/controller.go:15.77,19.2 1 0
github.com/Ippolid/chat-server/internal/api/chatserver/create.go:13.123,15.16 2 0
github.com/Ippolid/chat-server/internal/api/chatserver/create.go:15.16,17.3 1 0
github.com/Ippolid/chat-server/internal/api/chatserver/create.go:19.2,23.8 2 0
github.com/Ippolid/chat-server/internal/api/chatserver/delete.go:15.108,18.16 2 0
github.com/Ippolid/chat-server/internal/api/chatserver/delete.go:18.16,21.3 2 0
github.com/Ippolid/chat-server/internal/api/chatserver/delete.go:23.2,23.30 1 0
github.com/Ippolid/chat-server/internal/api/chatserver/sendMessage.go:15.118,17.16 2 0
github.com/Ippolid/chat-server/internal/api/chatserver/sendMessage.go:17.16,20.3 2 0
github.com/Ippolid/chat-server/internal/api/chatserver/sendMessage.go:22.2,22.30 1 0
github.com/Ippolid/chat-server/internal/service/chatserver/SendMessage.go:11.80,12.72 1 0
github.com/Ippolid/chat-server/internal/service/chatserver/SendMessage.go:12.72,14.19 2 0
github.com/Ippolid/chat-server/internal/service/chatserver/SendMessage.go:14.19,16.4 1 0
github.com/Ippolid/chat-server/internal/service/chatserver/SendMessage.go:18.3,23.17 2 0
github.com/Ippolid/chat-server/internal/service/chatserver/SendMessage.go:23.17,25.4 1 0
github.com/Ippolid/chat-server/internal/service/chatserver/SendMessage.go:27.3,27.13 1 0
github.com/Ippolid/chat-server/internal/service/chatserver/SendMessage.go:30.2,30.16 1 0
github.com/Ippolid/chat-server/internal/service/chatserver/SendMessage.go:30.16,32.3 1 0
github.com/Ippolid/chat-server/internal/service/chatserver/SendMessage.go:34.2,34.12 1 0
github.com/Ippolid/chat-server/internal/service/chatserver/create.go:11.78,13.72 2 0
github.com/Ippolid/chat-server/internal/service/chatserver/create.go:13.72,16.19 3 0
github.com/Ippolid/chat-server/internal/service/chatserver/create.go:16.19,18.4 1 0
github.com/Ippolid/chat-server/internal/service/chatserver/create.go:20.3,26.17 2 0
github.com/Ippolid/chat-server/internal/service/chatserver/create.go:26.17,28.4 1 0
github.com/Ippolid/chat-server/internal/service/chatserver/create.go:29.3,29.13 1 0
github.com/Ippolid/chat-server/internal/service/chatserver/create.go:31.2,31.16 1 0
github.com/Ippolid/chat-server/internal/service/chatserver/create.go:31.16,33.3 1 0
github.com/Ippolid/chat-server/internal/service/chatserver/create.go:35.2,35.16 1 0
github.com/Ippolid/chat-server/internal/service/chatserver/delete.go:11.60,12.72 1 0
github.com/Ippolid/chat-server/internal/service/chatserver/delete.go:12.72,14.19 2 0
github.com/Ippolid/chat-server/internal/service/chatserver/delete.go:14.19,16.4 1 0
github.com/Ippolid/chat-server/internal/service/chatserver/delete.go:18.3,23.17 2 0
github.com/Ippolid/chat-server/internal/service/chatserver/delete.go:23.17,25.4 1 0
github.com/Ippolid/chat-server/internal/service/chatserver/delete.go:27.3,27.13 1 0
github.com/Ippolid/chat-server/internal/service/chatserver/delete.go:29.2,29.16 1 0
github.com/Ippolid/chat-server/internal/service/chatserver/delete.go:29.16,31.3 1 0
github.com/Ippolid/chat-server/internal/service/chatserver/delete.go:33.2,33.12 1 0
github.com/Ippolid/chat-server/internal/service/chatserver/service.go:18.29,23.2 1 0
github.com/Ippolid/chat-server/internal/api/chatserver/controller.go:15.77,19.2 1 35
github.com/Ippolid/chat-server/internal/api/chatserver/create.go:13.123,15.16 2 15
github.com/Ippolid/chat-server/internal/api/chatserver/create.go:15.16,17.3 1 10
github.com/Ippolid/chat-server/internal/api/chatserver/create.go:19.2,23.8 2 5
github.com/Ippolid/chat-server/internal/api/chatserver/delete.go:15.108,18.16 2 10
github.com/Ippolid/chat-server/internal/api/chatserver/delete.go:18.16,21.3 2 5
github.com/Ippolid/chat-server/internal/api/chatserver/delete.go:23.2,23.30 1 5
github.com/Ippolid/chat-server/internal/api/chatserver/sendMessage.go:15.118,17.16 2 10
github.com/Ippolid/chat-server/internal/api/chatserver/sendMessage.go:17.16,20.3 2 5
github.com/Ippolid/chat-server/internal/api/chatserver/sendMessage.go:22.2,22.30 1 5
github.com/Ippolid/chat-server/internal/service/chatserver/SendMessage.go:11.80,12.72 1 0
github.com/Ippolid/chat-server/internal/service/chatserver/SendMessage.go:12.72,14.19 2 0
github.com/Ippolid/chat-server/internal/service/chatserver/SendMessage.go:14.19,16.4 1 0
github.com/Ippolid/chat-server/internal/service/chatserver/SendMessage.go:18.3,23.17 2 0
github.com/Ippolid/chat-server/internal/service/chatserver/SendMessage.go:23.17,25.4 1 0
github.com/Ippolid/chat-server/internal/service/chatserver/SendMessage.go:27.3,27.13 1 0
github.com/Ippolid/chat-server/internal/service/chatserver/SendMessage.go:30.2,30.16 1 0
github.com/Ippolid/chat-server/internal/service/chatserver/SendMessage.go:30.16,32.3 1 0
github.com/Ippolid/chat-server/internal/service/chatserver/SendMessage.go:34.2,34.12 1 0
github.com/Ippolid/chat-server/internal/service/chatserver/create.go:11.78,13.72 2 0
github.com/Ippolid/chat-server/internal/service/chatserver/create.go:13.72,16.19 3 0
github.com/Ippolid/chat-server/internal/service/chatserver/create.go:16.19,18.4 1 0
github.com/Ippolid/chat-server/internal/service/chatserver/create.go:20.3,26.17 2 0
github.com/Ippolid/chat-server/internal/service/chatserver/create.go:26.17,28.4 1 0
github.com/Ippolid/chat-server/internal/service/chatserver/create.go:29.3,29.13 1 0
github.com/Ippolid/chat-server/internal/service/chatserver/create.go:31.2,31.16 1 0
github.com/Ippolid/chat-server/internal/service/chatserver/create.go:31.16,33.3 1 0
github.com/Ippolid/chat-server/internal/service/chatserver/create.go:35.2,35.16 1 0
github.com/Ippolid/chat-server/internal/service/chatserver/delete.go:11.60,12.72 1 0
github.com/Ippolid/chat-server/internal/service/chatserver/delete.go:12.72,14.19 2 0
github.com/Ippolid/chat-server/internal/service/chatserver/delete.go:14.19,16.4 1 0
github.com/Ippolid/chat-server/internal/service/chatserver/delete.go:18.3,23.17 2 0
github.com/Ippolid/chat-server/internal/service/chatserver/delete.go:23.17,25.4 1 0
github.com/Ippolid/chat-server/internal/service/chatserver/delete.go:27.3,27.13 1 0
github.com/Ippolid/chat-server/internal/service/chatserver/delete.go:29.2,29.16 1 0
github.com/Ippolid/chat-server/internal/service/chatserver/delete.go:29.16,31.3 1 0
github.com/Ippolid/chat-server/internal/service/chatserver/delete.go:33.2,33.12 1 0
github.com/Ippolid/chat-server/internal/service/chatserver/service.go:18.29,23.2 1 0
github.com/Ippolid/chat-server/internal/api/chatserver/controller.go:15.77,19.2 1 0
github.com/Ippolid/chat-server/internal/api/chatserver/create.go:13.123,15.16 2 0
github.com/Ippolid/chat-server/internal/api/chatserver/create.go:15.16,17.3 1 0
github.com/Ippolid/chat-server/internal/api/chatserver/create.go:19.2,23.8 2 0
github.com/Ippolid/chat-server/internal/api/chatserver/delete.go:15.108,18.16 2 0
github.com/Ippolid/chat-server/internal/api/chatserver/delete.go:18.16,21.3 2 0
github.com/Ippolid/chat-server/internal/api/chatserver/delete.go:23.2,23.30 1 0
github.com/Ippolid/chat-server/internal/api/chatserver/sendMessage.go:15.118,17.16 2 0
github.com/Ippolid/chat-server/internal/api/chatserver/sendMessage.go:17.16,20.3 2 0
github.com/Ippolid/chat-server/internal/api/chatserver/sendMessage.go:22.2,22.30 1 0
github.com/Ippolid/chat-server/internal/service/chatserver/SendMessage.go:11.80,12.72 1 15
github.com/Ippolid/chat-server/internal/service/chatserver/SendMessage.go:12.72,14.19 2 15
github.com/Ippolid/chat-server/internal/service/chatserver/SendMessage.go:14.19,16.4 1 5
github.com/Ippolid/chat-server/internal/service/chatserver/SendMessage.go:18.3,23.17 2 10
github.com/Ippolid/chat-server/internal/service/chatserver/SendMessage.go:23.17,25.4 1 5
github.com/Ippolid/chat-server/internal/service/chatserver/SendMessage.go:27.3,27.13 1 5
github.com/Ippolid/chat-server/internal/service/chatserver/SendMessage.go:30.2,30.16 1 15
github.com/Ippolid/chat-server/internal/service/chatserver/SendMessage.go:30.16,32.3 1 10
github.com/Ippolid/chat-server/internal/service/chatserver/SendMessage.go:34.2,34.12 1 5
github.com/Ippolid/chat-server/internal/service/chatserver/create.go:11.78,13.72 2 15
github.com/Ippolid/chat-server/internal/service/chatserver/create.go:13.72,16.19 3 15
github.com/Ippolid/chat-server/internal/service/chatserver/create.go:16.19,18.4 1 5
github.com/Ippolid/chat-server/internal/service/chatserver/create.go:20.3,26.17 2 10
github.com/Ippolid/chat-server/internal/service/chatserver/create.go:26.17,28.4 1 5
github.com/Ippolid/chat-server/internal/service/chatserver/create.go:29.3,29.13 1 5
github.com/Ippolid/chat-server/internal/service/chatserver/create.go:31.2,31.16 1 15
github.com/Ippolid/chat-server/internal/service/chatserver/create.go:31.16,33.3 1 10
github.com/Ippolid/chat-server/internal/service/chatserver/create.go:35.2,35.16 1 5
github.com/Ippolid/chat-server/internal/service/chatserver/delete.go:11.60,12.72 1 15
github.com/Ippolid/chat-server/internal/service/chatserver/delete.go:12.72,14.19 2 15
github.com/Ippolid/chat-server/internal/service/chatserver/delete.go:14.19,16.4 1 5
github.com/Ippolid/chat-server/internal/service/chatserver/delete.go:18.3,23.17 2 10
github.com/Ippolid/chat-server/internal/service/chatserver/delete.go:23.17,25.4 1 5
github.com/Ippolid/chat-server/internal/service/chatserver/delete.go:27.3,27.13 1 5
github.com/Ippolid/chat-server/internal/service/chatserver/delete.go:29.2,29.16 1 15
github.com/Ippolid/chat-server/internal/service/chatserver/delete.go:29.16,31.3 1 10
github.com/Ippolid/chat-server/internal/service/chatserver/delete.go:33.2,33.12 1 5
github.com/Ippolid/chat-server/internal/service/chatserver/service.go:18.29,23.2 1 45
